# JRE version: OpenJDK Runtime Environment Temurin-21.0.10+7 (21.0.10+7) (build 21.0.10+7-LTS)
# Java VM: OpenJDK 64-Bit Server VM Temurin-21.0.10+7 (21.0.10+7-LTS, mixed mode, sharing, tiered, compressed oops, compressed class ptrs, parallel gc, windows-amd64)
GC Precious Log:
 CardTable entry size: 512
 CPUs: 16 total, 16 available
 Memory: 7514M
 Large Page Support: Disabled
 NUMA Support: Disabled
 Compressed Oops: Enabled (32-bit)
 Alignments: Space 512K, Generation 512K, Heap 2M
 Heap Min Capacity: 100M
 Heap Initial Capacity: 100M
 Heap Max Capacity: 2G
 Pre-touch: Disabled
 Parallel Workers: 13
Heap:
 PSYoungGen      total 16896K, used 783K [0x00000000d5580000, 0x00000000d6e00000, 0x0000000100000000)
  eden space 10240K, 3% used [0x00000000d5580000,0x00000000d55dbe00,0x00000000d5f80000)
  from space 6656K, 6% used [0x00000000d6300000,0x00000000d6368000,0x00000000d6980000)
  to   space 2048K, 0% used [0x00000000d6c00000,0x00000000d6c00000,0x00000000d6e00000)
 ParOldGen       total 460288K, used 460010K [0x0000000080000000, 0x000000009c180000, 0x00000000d5580000)
  object space 460288K, 99% used [0x0000000080000000,0x000000009c13a9b8,0x000000009c180000)
 Metaspace       used 83302K, committed 84928K, reserved 1179648K
  class space    used 10074K, committed 10816K, reserved 1048576K
GC Heap History (20 events):
Event: 1188.910 GC heap before
{Heap before GC invocations=483 (full 3):
 PSYoungGen      total 13824K, used 13810K [0x00000000d5580000, 0x00000000d7680000, 0x0000000100000000)
  eden space 10240K, 100% used [0x00000000d5580000,0x00000000d5f80000,0x00000000d5f80000)
  from space 3584K, 99% used [0x00000000d6180000,0x00000000d64fc800,0x00000000d6500000)
  to   space 11776K, 0% used [0x00000000d6b00000,0x00000000d6b00000,0x00000000d7680000)
 ParOldGen       total 390144K, used 389685K [0x0000000080000000, 0x0000000097d00000, 0x00000000d5580000)
  object space 390144K, 99% used [0x0000000080000000,0x0000000097c8d6c8,0x0000000097d00000)
 Metaspace       used 83011K, committed 84608K, reserved 1179648K
  class space    used 10048K, committed 10752K, reserved 1048576K
}
Event: 1188.922 GC heap after
{Heap after GC invocations=483 (full 3):
 PSYoungGen      total 19968K, used 9643K [0x00000000d5580000, 0x00000000d7480000, 0x0000000100000000)
  eden space 10240K, 0% used [0x00000000d5580000,0x00000000d5580000,0x00000000d5f80000)
  from space 9728K, 99% used [0x00000000d6b00000,0x00000000d746ac30,0x00000000d7480000)
  to   space 10240K, 0% used [0x00000000d6080000,0x00000000d6080000,0x00000000d6a80000)
 ParOldGen       total 392192K, used 391965K [0x0000000080000000, 0x0000000097f00000, 0x00000000d5580000)
  object space 392192K, 99% used [0x0000000080000000,0x0000000097ec7418,0x0000000097f00000)
 Metaspace       used 83011K, committed 84608K, reserved 1179648K
  class space    used 10048K, committed 10752K, reserved 1048576K
}
Event: 1189.178 GC heap before
{Heap before GC invocations=484 (full 3):
 PSYoungGen      total 19968K, used 19883K [0x00000000d5580000, 0x00000000d7480000, 0x0000000100000000)
  eden space 10240K, 100% used [0x00000000d5580000,0x00000000d5f80000,0x00000000d5f80000)
  from space 9728K, 99% used [0x00000000d6b00000,0x00000000d746ac30,0x00000000d7480000)
  to   space 10240K, 0% used [0x00000000d6080000,0x00000000d6080000,0x00000000d6a80000)
 ParOldGen       total 392192K, used 391965K [0x0000000080000000, 0x0000000097f00000, 0x00000000d5580000)
  object space 392192K, 99% used [0x0000000080000000,0x0000000097ec7418,0x0000000097f00000)
 Metaspace       used 83011K, committed 84608K, reserved 1179648K
  class space    used 10048K, committed 10752K, reserved 1048576K
}
Event: 1189.199 GC heap after
{Heap after GC invocations=484 (full 3):
 PSYoungGen      total 20480K, used 10210K [0x00000000d5580000, 0x00000000d8780000, 0x0000000100000000)
  eden space 10240K, 0% used [0x00000000d5580000,0x00000000d5580000,0x00000000d5f80000)
  from space 10240K, 99% used [0x00000000d6080000,0x00000000d6a788c0,0x00000000d6a80000)
  to   space 20480K, 0% used [0x00000000d7380000,0x00000000d7380000,0x00000000d8780000)
 ParOldGen       total 400896K, used 400530K [0x0000000080000000, 0x0000000098780000, 0x00000000d5580000)
  object space 400896K, 99% used [0x0000000080000000,0x0000000098724a38,0x0000000098780000)
 Metaspace       used 83011K, committed 84608K, reserved 1179648K
  class space    used 10048K, committed 10752K, reserved 1048576K
}
Event: 1189.471 GC heap before
{Heap before GC invocations=485 (full 3):
 PSYoungGen      total 20480K, used 20450K [0x00000000d5580000, 0x00000000d8780000, 0x0000000100000000)
  eden space 10240K, 100% used [0x00000000d5580000,0x00000000d5f80000,0x00000000d5f80000)
  from space 10240K, 99% used [0x00000000d6080000,0x00000000d6a788c0,0x00000000d6a80000)
  to   space 20480K, 0% used [0x00000000d7380000,0x00000000d7380000,0x00000000d8780000)
 ParOldGen       total 400896K, used 400530K [0x0000000080000000, 0x0000000098780000, 0x00000000d5580000)
  object space 400896K, 99% used [0x0000000080000000,0x0000000098724a38,0x0000000098780000)
 Metaspace       used 83011K, committed 84608K, reserved 1179648K
  class space    used 10048K, committed 10752K, reserved 1048576K
}
Event: 1189.496 GC heap after
{Heap after GC invocations=485 (full 3):
 PSYoungGen      total 23552K, used 13006K [0x00000000d5580000, 0x00000000d8080000, 0x0000000100000000)
  eden space 10240K, 0% used [0x00000000d5580000,0x00000000d5580000,0x00000000d5f80000)
  from space 13312K, 97% used [0x00000000d7380000,0x00000000d8033ae0,0x00000000d8080000)
  to   space 15360K, 0% used [0x00000000d6280000,0x00000000d6280000,0x00000000d7180000)
 ParOldGen       total 410624K, used 410608K [0x0000000080000000, 0x0000000099100000, 0x00000000d5580000)
  object space 410624K, 99% used [0x0000000080000000,0x00000000990fc1e0,0x0000000099100000)
 Metaspace       used 83011K, committed 84608K, reserved 1179648K
  class space    used 10048K, committed 10752K, reserved 1048576K
}
Event: 1189.767 GC heap before
{Heap before GC invocations=486 (full 3):
 PSYoungGen      total 23552K, used 23246K [0x00000000d5580000, 0x00000000d8080000, 0x0000000100000000)
  eden space 10240K, 100% used [0x00000000d5580000,0x00000000d5f80000,0x00000000d5f80000)
  from space 13312K, 97% used [0x00000000d7380000,0x00000000d8033ae0,0x00000000d8080000)
  to   space 15360K, 0% used [0x00000000d6280000,0x00000000d6280000,0x00000000d7180000)
 ParOldGen       total 410624K, used 410608K [0x0000000080000000, 0x0000000099100000, 0x00000000d5580000)
  object space 410624K, 99% used [0x0000000080000000,0x00000000990fc1e0,0x0000000099100000)
 Metaspace       used 83011K, committed 84608K, reserved 1179648K
  class space    used 10048K, committed 10752K, reserved 1048576K
}
Event: 1189.792 GC heap after
{Heap after GC invocations=486 (full 3):
 PSYoungGen      total 20992K, used 10468K [0x00000000d5580000, 0x00000000d7680000, 0x0000000100000000)
  eden space 10240K, 0% used [0x00000000d5580000,0x00000000d5580000,0x00000000d5f80000)
  from space 10752K, 97% used [0x00000000d6280000,0x00000000d6cb9228,0x00000000d6d00000)
  to   space 9728K, 0% used [0x00000000d6d00000,0x00000000d6d00000,0x00000000d7680000)
 ParOldGen       total 420864K, used 420748K [0x0000000080000000, 0x0000000099b00000, 0x00000000d5580000)
  object space 420864K, 99% used [0x0000000080000000,0x0000000099ae3138,0x0000000099b00000)
 Metaspace       used 83011K, committed 84608K, reserved 1179648K
  class space    used 10048K, committed 10752K, reserved 1048576K
}
Event: 1190.151 GC heap before
{Heap before GC invocations=487 (full 3):
 PSYoungGen      total 20992K, used 20708K [0x00000000d5580000, 0x00000000d7680000, 0x0000000100000000)
  eden space 10240K, 100% used [0x00000000d5580000,0x00000000d5f80000,0x00000000d5f80000)
  from space 10752K, 97% used [0x00000000d6280000,0x00000000d6cb9228,0x00000000d6d00000)
  to   space 9728K, 0% used [0x00000000d6d00000,0x00000000d6d00000,0x00000000d7680000)
 ParOldGen       total 420864K, used 420748K [0x0000000080000000, 0x0000000099b00000, 0x00000000d5580000)
  object space 420864K, 99% used [0x0000000080000000,0x0000000099ae3138,0x0000000099b00000)
 Metaspace       used 83034K, committed 84672K, reserved 1179648K
  class space    used 10048K, committed 10752K, reserved 1048576K
}
Event: 1190.173 GC heap after
{Heap after GC invocations=487 (full 3):
 PSYoungGen      total 19968K, used 9614K [0x00000000d5580000, 0x00000000d7680000, 0x0000000100000000)
  eden space 10240K, 0% used [0x00000000d5580000,0x00000000d5580000,0x00000000d5f80000)
  from space 9728K, 98% used [0x00000000d6d00000,0x00000000d7663a58,0x00000000d7680000)
  to   space 10240K, 0% used [0x00000000d6280000,0x00000000d6280000,0x00000000d6c80000)
 ParOldGen       total 430592K, used 430565K [0x0000000080000000, 0x000000009a480000, 0x00000000d5580000)
  object space 430592K, 99% used [0x0000000080000000,0x000000009a479678,0x000000009a480000)
 Metaspace       used 83034K, committed 84672K, reserved 1179648K
  class space    used 10048K, committed 10752K, reserved 1048576K
}
Event: 1191.079 GC heap before
{Heap before GC invocations=488 (full 3):
 PSYoungGen      total 19968K, used 19854K [0x00000000d5580000, 0x00000000d7680000, 0x0000000100000000)
  eden space 10240K, 100% used [0x00000000d5580000,0x00000000d5f80000,0x00000000d5f80000)
  from space 9728K, 98% used [0x00000000d6d00000,0x00000000d7663a58,0x00000000d7680000)
  to   space 10240K, 0% used [0x00000000d6280000,0x00000000d6280000,0x00000000d6c80000)
 ParOldGen       total 430592K, used 430565K [0x0000000080000000, 0x000000009a480000, 0x00000000d5580000)
  object space 430592K, 99% used [0x0000000080000000,0x000000009a479678,0x000000009a480000)
 Metaspace       used 83144K, committed 84800K, reserved 1179648K
  class space    used 10064K, committed 10752K, reserved 1048576K
}
Event: 1191.100 GC heap after
{Heap after GC invocations=488 (full 3):
 PSYoungGen      total 16896K, used 6454K [0x00000000d5580000, 0x00000000d6f80000, 0x0000000100000000)
  eden space 10240K, 0% used [0x00000000d5580000,0x00000000d5580000,0x00000000d5f80000)
  from space 6656K, 96% used [0x00000000d6280000,0x00000000d68cda78,0x00000000d6900000)
  to   space 6656K, 0% used [0x00000000d6900000,0x00000000d6900000,0x00000000d6f80000)
 ParOldGen       total 439296K, used 438922K [0x0000000080000000, 0x000000009ad00000, 0x00000000d5580000)
  object space 439296K, 99% used [0x0000000080000000,0x000000009aca29b8,0x000000009ad00000)
 Metaspace       used 83144K, committed 84800K, reserved 1179648K
  class space    used 10064K, committed 10752K, reserved 1048576K
}
Event: 1191.156 GC heap before
{Heap before GC invocations=489 (full 3):
 PSYoungGen      total 16896K, used 16694K [0x00000000d5580000, 0x00000000d6f80000, 0x0000000100000000)
  eden space 10240K, 100% used [0x00000000d5580000,0x00000000d5f80000,0x00000000d5f80000)
  from space 6656K, 96% used [0x00000000d6280000,0x00000000d68cda78,0x00000000d6900000)
  to   space 6656K, 0% used [0x00000000d6900000,0x00000000d6900000,0x00000000d6f80000)
 ParOldGen       total 439296K, used 438922K [0x0000000080000000, 0x000000009ad00000, 0x00000000d5580000)
  object space 439296K, 99% used [0x0000000080000000,0x000000009aca29b8,0x000000009ad00000)
 Metaspace       used 83150K, committed 84800K, reserved 1179648K
  class space    used 10065K, committed 10752K, reserved 1048576K
}
Event: 1191.171 GC heap after
{Heap after GC invocations=489 (full 3):
 PSYoungGen      total 15872K, used 5458K [0x00000000d5580000, 0x00000000d6e80000, 0x0000000100000000)
  eden space 10240K, 0% used [0x00000000d5580000,0x00000000d5580000,0x00000000d5f80000)
  from space 5632K, 96% used [0x00000000d6900000,0x00000000d6e54b00,0x00000000d6e80000)
  to   space 6144K, 0% used [0x00000000d6280000,0x00000000d6280000,0x00000000d6880000)
 ParOldGen       total 445440K, used 445148K [0x0000000080000000, 0x000000009b300000, 0x00000000d5580000)
  object space 445440K, 99% used [0x0000000080000000,0x000000009b2b7258,0x000000009b300000)
 Metaspace       used 83150K, committed 84800K, reserved 1179648K
  class space    used 10065K, committed 10752K, reserved 1048576K
}
Event: 1191.257 GC heap before
{Heap before GC invocations=490 (full 3):
 PSYoungGen      total 15872K, used 15698K [0x00000000d5580000, 0x00000000d6e80000, 0x0000000100000000)
  eden space 10240K, 100% used [0x00000000d5580000,0x00000000d5f80000,0x00000000d5f80000)
  from space 5632K, 96% used [0x00000000d6900000,0x00000000d6e54b00,0x00000000d6e80000)
  to   space 6144K, 0% used [0x00000000d6280000,0x00000000d6280000,0x00000000d6880000)
 ParOldGen       total 445440K, used 445148K [0x0000000080000000, 0x000000009b300000, 0x00000000d5580000)
  object space 445440K, 99% used [0x0000000080000000,0x000000009b2b7258,0x000000009b300000)
 Metaspace       used 83174K, committed 84800K, reserved 1179648K
  class space    used 10065K, committed 10752K, reserved 1048576K
}
Event: 1191.272 GC heap after
{Heap after GC invocations=490 (full 3):
 PSYoungGen      total 16384K, used 6138K [0x00000000d5580000, 0x00000000d7b80000, 0x0000000100000000)
  eden space 10240K, 0% used [0x00000000d5580000,0x00000000d5580000,0x00000000d5f80000)
  from space 6144K, 99% used [0x00000000d6280000,0x00000000d687eac8,0x00000000d6880000)
  to   space 14336K, 0% used [0x00000000d6d80000,0x00000000d6d80000,0x00000000d7b80000)
 ParOldGen       total 452096K, used 452023K [0x0000000080000000, 0x000000009b980000, 0x00000000d5580000)
  object space 452096K, 99% used [0x0000000080000000,0x000000009b96dc28,0x000000009b980000)
 Metaspace       used 83174K, committed 84800K, reserved 1179648K
  class space    used 10065K, committed 10752K, reserved 1048576K
}
Event: 1361.547 GC heap before
{Heap before GC invocations=491 (full 3):
 PSYoungGen      total 16384K, used 16378K [0x00000000d5580000, 0x00000000d7b80000, 0x0000000100000000)
  eden space 10240K, 100% used [0x00000000d5580000,0x00000000d5f80000,0x00000000d5f80000)
  from space 6144K, 99% used [0x00000000d6280000,0x00000000d687eac8,0x00000000d6880000)
  to   space 14336K, 0% used [0x00000000d6d80000,0x00000000d6d80000,0x00000000d7b80000)
 ParOldGen       total 452096K, used 452023K [0x0000000080000000, 0x000000009b980000, 0x00000000d5580000)
  object space 452096K, 99% used [0x0000000080000000,0x000000009b96dc28,0x000000009b980000)
 Metaspace       used 83187K, committed 84800K, reserved 1179648K
  class space    used 10065K, committed 10752K, reserved 1048576K
}
Event: 1362.097 GC heap after
{Heap after GC invocations=491 (full 3):
 PSYoungGen      total 12800K, used 2241K [0x00000000d5580000, 0x00000000d7000000, 0x0000000100000000)
  eden space 10240K, 0% used [0x00000000d5580000,0x00000000d5580000,0x00000000d5f80000)
  from space 2560K, 87% used [0x00000000d6d80000,0x00000000d6fb0780,0x00000000d7000000)
  to   space 6656K, 0% used [0x00000000d6300000,0x00000000d6300000,0x00000000d6980000)
 ParOldGen       total 458240K, used 457940K [0x0000000080000000, 0x000000009bf80000, 0x00000000d5580000)
  object space 458240K, 99% used [0x0000000080000000,0x000000009bf353c8,0x000000009bf80000)
 Metaspace       used 83187K, committed 84800K, reserved 1179648K
  class space    used 10065K, committed 10752K, reserved 1048576K
}
Event: 1602.809 GC heap before
{Heap before GC invocations=492 (full 3):
 PSYoungGen      total 12800K, used 12481K [0x00000000d5580000, 0x00000000d7000000, 0x0000000100000000)
  eden space 10240K, 100% used [0x00000000d5580000,0x00000000d5f80000,0x00000000d5f80000)
  from space 2560K, 87% used [0x00000000d6d80000,0x00000000d6fb0780,0x00000000d7000000)
  to   space 6656K, 0% used [0x00000000d6300000,0x00000000d6300000,0x00000000d6980000)
 ParOldGen       total 458240K, used 457940K [0x0000000080000000, 0x000000009bf80000, 0x00000000d5580000)
  object space 458240K, 99% used [0x0000000080000000,0x000000009bf353c8,0x000000009bf80000)
 Metaspace       used 83299K, committed 84928K, reserved 1179648K
  class space    used 10074K, committed 10816K, reserved 1048576K
}
Event: 1603.184 GC heap after
{Heap after GC invocations=492 (full 3):
 PSYoungGen      total 16896K, used 416K [0x00000000d5580000, 0x00000000d6e00000, 0x0000000100000000)
  eden space 10240K, 0% used [0x00000000d5580000,0x00000000d5580000,0x00000000d5f80000)
  from space 6656K, 6% used [0x00000000d6300000,0x00000000d6368000,0x00000000d6980000)
  to   space 2048K, 0% used [0x00000000d6c00000,0x00000000d6c00000,0x00000000d6e00000)
 ParOldGen       total 460288K, used 460010K [0x0000000080000000, 0x000000009c180000, 0x00000000d5580000)
  object space 460288K, 99% used [0x0000000080000000,0x000000009c13a9b8,0x000000009c180000)
 Metaspace       used 83299K, committed 84928K, reserved 1179648K
  class space    used 10074K, committed 10816K, reserved 1048576K
}

